#
# A fatal error has been detected by the Java Runtime Environment:
#
#  Internal Error (classFileParser.cpp:3375), pid=28660, tid=21284
#  Error: ShouldNotReachHere()
#
# JRE version: 6.0_23-b05
# Java VM: Java HotSpot(TM) Client VM (19.0-b09 mixed mode windows-x86 )
# If you would like to submit a bug report, please visit:
#   http://java.sun.com/webapps/bugreport/crash.jsp
#

---------------  T H R E A D  ---------------

Current thread (0x015f9c00):  JavaThread "Unknown thread" [_thread_in_vm, id=21284, stack(0x00150000,0x001a0000)]

Stack: [0x00150000,0x001a0000],  sp=0x0019f878,  free space=318k
Native frames: (J=compiled Java code, j=interpreted, Vv=VM code, C=native code)
V  [jvm.dll+0x200a27]
V  [jvm.dll+0xa536b]
V  [jvm.dll+0x761e8]
V  [jvm.dll+0x779ef]
V  [jvm.dll+0x1cfdc5]
V  [jvm.dll+0x1d069d]
V  [jvm.dll+0x1d0a65]
V  [jvm.dll+0x1d0aab]
V  [jvm.dll+0x1d0bd2]
V  [jvm.dll+0x1d0c4a]
V  [jvm.dll+0x1d0d2d]
V  [jvm.dll+0x1d0fd2]
V  [jvm.dll+0x1f0783]
V  [jvm.dll+0x1f0b5c]
V  [jvm.dll+0xdbd3c]
V  [jvm.dll+0x1e9c28]
V  [jvm.dll+0x106190]
C  [javaw.exe+0x1657]
C  [javaw.exe+0x1e2c]
C  [javaw.exe+0x8614]
C  [kernel32.dll+0x4ed5c]
C  [ntdll.dll+0x6377b]
C  [ntdll.dll+0x6374e]


---------------  P R O C E S S  ---------------

Java Threads: ( => current thread )

Other Threads:

=>0x015f9c00 (exited) JavaThread "Unknown thread" [_thread_in_vm, id=21284, stack(0x00150000,0x001a0000)]

VM state:not at safepoint (not fully initialized)

VM Mutex/Monitor currently owned by a thread: None

Dynamic libraries:
0x00400000 - 0x00424000 	C:\Program Files\Java\jdk1.6.0_23\bin\javaw.exe
0x77a50000 - 0x77b8c000 	C:\Windows\SYSTEM32\ntdll.dll
0x75d80000 - 0x75e54000 	C:\Windows\system32\kernel32.dll
0x759b0000 - 0x759fb000 	C:\Windows\system32\KERNELBASE.dll
0x76240000 - 0x762e0000 	C:\Windows\system32\ADVAPI32.dll
0x75c80000 - 0x75d2c000 	C:\Windows\system32\msvcrt.dll
0x763b0000 - 0x763c9000 	C:\Windows\SYSTEM32\sechost.dll
0x76690000 - 0x76732000 	C:\Windows\system32\RPCRT4.dll
0x76910000 - 0x769d9000 	C:\Windows\system32\USER32.dll
0x75d30000 - 0x75d7e000 	C:\Windows\system32\GDI32.dll
0x77a40000 - 0x77a4a000 	C:\Windows\system32\LPK.dll
0x77810000 - 0x778ad000 	C:\Windows\system32\USP10.dll
0x768e0000 - 0x768ff000 	C:\Windows\system32\IMM32.DLL
0x762e0000 - 0x763ac000 	C:\Windows\system32\MSCTF.dll
0x7c340000 - 0x7c396000 	C:\Program Files\Java\jdk1.6.0_23\jre\bin\msvcr71.dll
0x6d8a0000 - 0x6db4c000 	C:\Program Files\Java\jdk1.6.0_23\jre\bin\client\jvm.dll
0x75940000 - 0x75972000 	C:\Windows\system32\WINMM.dll
0x75790000 - 0x757dc000 	C:\Windows\system32\apphelp.dll
0x6d850000 - 0x6d85c000 	C:\Program Files\Java\jdk1.6.0_23\jre\bin\verify.dll
0x6d3d0000 - 0x6d3ef000 	C:\Program Files\Java\jdk1.6.0_23\jre\bin\java.dll
0x6d330000 - 0x6d338000 	C:\Program Files\Java\jdk1.6.0_23\jre\bin\hpi.dll
0x76900000 - 0x76905000 	C:\Windows\system32\PSAPI.DLL
0x6d890000 - 0x6d89f000 	C:\Program Files\Java\jdk1.6.0_23\jre\bin\zip.dll

VM Arguments:
jvm_args: -Dfile.encoding=UTF-8 -Xbootclasspath:D:\开发软件\adt-bundle-windows-x86\adt-bundle-windows-x86-20130917\sdk\platforms\android-8\android.jar 
java_command: com.do1.zhdj.util.SecurityDes3Util
Launcher Type: SUN_STANDARD

Environment Variables:
JAVA_HOME=C:\Program Files\Java\jdk1.6.0_23
CLASSPATH=.;C:\Program Files\Java\jdk1.6.0_23\jre\lib\rt.jar.;C:\Program Files\Java\jdk1.6.0_23\lib\tools.jar
PATH=C:/Program Files/Java/jdk1.6.0_23/bin/../jre/bin/client;C:/Program Files/Java/jdk1.6.0_23/bin/../jre/bin;C:/Program Files/Java/jdk1.6.0_23/bin/../jre/lib/i386;C:\software\eclipse-jee-juno-SR2-win32\apache-maven-3.1.0\bin;C:\software\oracle\product\10.2.0\db_1\bin;C:\Program Files\Java\jdk1.6.0_23\bin;C:\Windows\system32;C:\Windows;C:\Windows\System32\Wbem;C:\Windows\System32\WindowsPowerShell\v1.0\;C:\software\MySQL\MySQL Server 5.1\bin;C:\software\TortoiseSVN\bin;C:\Program Files\Microsoft SQL Server\80\Tools\Binn\;C:\Program Files\Microsoft SQL Server\90\DTS\Binn\;C:\Program Files\Microsoft SQL Server\90\Tools\binn\;C:\Program Files\Microsoft SQL Server\90\Tools\Binn\VSShell\Common7\IDE\;C:\Program Files\Microsoft Visual Studio 8\Common7\IDE\PrivateAssemblies\;C:\software\IBM\Rational AppScan\;D:\开发软件\adt-bundle-windows-x86\adt-bundle-windows-x86-20130917\eclipse;
USERNAME=Administrator
OS=Windows_NT
PROCESSOR_IDENTIFIER=x86 Family 6 Model 23 Stepping 10, GenuineIntel



---------------  S Y S T E M  ---------------

OS: Windows 7 Build 7601 Service Pack 1

CPU:total 2 (2 cores per cpu, 1 threads per core) family 6 model 23 stepping 10, cmov, cx8, fxsr, mmx, sse, sse2, sse3, ssse3

Memory: 4k page, physical 2978676k(737664k free), swap 5955600k(1956616k free)

vm_info: Java HotSpot(TM) Client VM (19.0-b09) for windows-x86 JRE (1.6.0_23-b05), built on Nov 12 2010 15:00:43 by "java_re" with MS VC++ 7.1 (VS2003)

time: Mon Nov 25 17:50:14 2013
elapsed time: 0 seconds

